╭────────────────────────── Enriched Upload Pipeline ──────────────────────────╮
│ Uploading 767 enriched files to objectivism-library-test                     │
│ Batches: 8 x 100 | Concurrency: 2                                            │
│ Reset existing: True | Include needs-review: True                            │
╰──────────────────────────────────────────────────────────────────────────────╯
Failed to upload /Volumes/U32 Shadow/Objectivism Library/Books/A Companion to Ayn Rand - Gregory Salmieri - Allan Gotthelf.txt: 400 INVALID_ARGUMENT. {'error': {'code': 400, 'message': 'Request contains an invalid argument.', 'status': 'INVALID_ARGUMENT'}}
Failed to upload /Volumes/U32 Shadow/Objectivism Library/Courses/Introduction to Writing/Introduction to Writing - Lesson 22 - Q1 Week 9 – 2.txt: 400 INVALID_ARGUMENT. {'error': {'code': 400, 'message': 'Failed to create file.', 'status': 'INVALID_ARGUMENT'}}
Failed to upload /Volumes/U32 Shadow/Objectivism Library/Courses/The Atlas Project/The Atlas Project - Lesson 10 - Part I Chapter 10 - Wyatts Torch.txt: 400 INVALID_ARGUMENT. {'error': {'code': 400, 'message': 'Failed to create file.', 'status': 'INVALID_ARGUMENT'}}
Failed to upload /Volumes/U32 Shadow/Objectivism Library/Courses/The Atlas Project/The Atlas Project - Lesson 13 - Part II Chapter 3 - White Blackmail.txt: 400 INVALID_ARGUMENT. {'error': {'code': 400, 'message': 'Failed to create file.', 'status': 'INVALID_ARGUMENT'}}
Failed to upload /Volumes/U32 Shadow/Objectivism Library/Courses/The Fountainhead - Reading Group/The Fountainhead — Reading Group — Session 01 — (Chapters 1-1|1-2|1-3|1-4).txt: 400 INVALID_ARGUMENT. {'error': {'code': 400, 'message': 'Failed to create file.', 'status': 'INVALID_ARGUMENT'}}
Failed to upload /Volumes/U32 Shadow/Objectivism Library/MOTM/MOTM_2016-11-06_The-Election.txt: 400 INVALID_ARGUMENT. {'error': {'code': 400, 'message': 'Failed to create file.', 'status': 'INVALID_ARGUMENT'}}
Failed to upload /Volumes/U32 Shadow/Objectivism Library/MOTM/MOTM_2017-02-12_Sunday-Brunch-Free-will-and-the-choice-to-execute-cues-to-recognize-rationalizations.txt: 400 INVALID_ARGUMENT. {'error': {'code': 400, 'message': 'Failed to create file.', 'status': 'INVALID_ARGUMENT'}}
Failed to upload /Volumes/U32 Shadow/Objectivism Library/MOTM/MOTM_2025-06-15_The-Iran-Israel-Conflict.txt: 400 INVALID_ARGUMENT. {'error': {'code': 400, 'message': 'Request contains an invalid argument.', 'status': 'INVALID_ARGUMENT'}}
  Pipeline ━━━━━ 946/… 100% 0:00:… FAIL ...3 - Multiply the Power of Thought.txt
  Batch 17 ━━━━━ 10/10 100% 0:00:… batch 17 done                                
╭────────────────────────── Enriched Upload Complete ──────────────────────────╮
│     Enriched Upload Summary                                                  │
│ ┏━━━━━━━━━━━━━━━━━━━━━━┳━━━━━━━┓                                             │
│ ┃ Metric               ┃ Count ┃                                             │
│ ┡━━━━━━━━━━━━━━━━━━━━━━╇━━━━━━━┩                                             │
│ │ Total files          │  1610 │                                             │
│ │ Succeeded            │   854 │                                             │
│ │ Failed               │    50 │                                             │
│ │ Skipped (idempotent) │   732 │                                             │
│ │ Reset (re-uploaded)  │   843 │                                             │
│ │ Retried (successful) │    10 │                                             │
│ │ Pending              │   -26 │                                             │
│ └──────────────────────┴───────┘                                             │
╰──────────────────────────────────────────────────────────────────────────────╯
Exception ignored in: <function BaseApiClient._get_aiohttp_session.<locals>.AiohttpTCPConnector.__del__ at 0x10e1d0fe0>
Traceback (most recent call last):
  File "/Users/david/.pyenv/versions/3.13.5/lib/python3.13/site-packages/google/genai/_api_client.py", line 786, in __del__
  File "/Users/david/.pyenv/versions/3.13.5/lib/python3.13/site-packages/aiohttp/connector.py", line 1020, in _close
AttributeError: 'NoneType' object has no attribute 'from_iterable'
