╭────────────────────────────── Upload Pipeline ───────────────────────────────╮
│ Uploading 763 files to objectivism-library-test                              │
│ Batches: 153 x 5 | Concurrency: 7                                            │
╰──────────────────────────────────────────────────────────────────────────────╯
Failed to upload /Volumes/U32 Shadow/Objectivism Library/Courses/Ayn Rand at Columbia University/Ayn Rand at Columbia University - Lesson 02 - The Money-Making Personality.txt: 400 INVALID_ARGUMENT. {'error': {'code': 400, 'message': 'Failed to create file.', 'status': 'INVALID_ARGUMENT'}}
Failed to upload /Volumes/U32 Shadow/Objectivism Library/Courses/Concepts and Propositions/Concepts and Propositions - Lesson 03 - Special Cases of Concept Formation.txt: 400 INVALID_ARGUMENT. {'error': {'code': 400, 'message': 'Failed to create file.', 'status': 'INVALID_ARGUMENT'}}
Failed to upload /Volumes/U32 Shadow/Objectivism Library/Courses/History of Philosophy/History of Philosophy - Lesson 04 - Parmenides of Elea_ Logic Demands a Changeless Universe.txt: 400 INVALID_ARGUMENT. {'error': {'code': 400, 'message': 'Failed to create file.', 'status': 'INVALID_ARGUMENT'}}
Failed to upload /Volumes/U32 Shadow/Objectivism Library/Courses/History of Philosophy/History of Philosophy - Lesson 02 - Thales of Miletus and the Birth of Greek Philosophy.txt: 400 INVALID_ARGUMENT. {'error': {'code': 400, 'message': 'Failed to create file.', 'status': 'INVALID_ARGUMENT'}}
Failed to upload /Volumes/U32 Shadow/Objectivism Library/Courses/History of Philosophy/History of Philosophy - Lesson 15 - Aristotle_ The Father of Logic.txt: 400 INVALID_ARGUMENT. {'error': {'code': 400, 'message': 'Failed to create file.', 'status': 'INVALID_ARGUMENT'}}
Failed to upload /Volumes/U32 Shadow/Objectivism Library/Courses/History of Philosophy/History of Philosophy - Lesson 25 - Saint Augustine on Knowledge and Reality.txt: 400 INVALID_ARGUMENT. {'error': {'code': 400, 'message': 'Failed to create file.', 'status': 'INVALID_ARGUMENT'}}
Failed to upload /Volumes/U32 Shadow/Objectivism Library/Courses/History of Philosophy/History of Philosophy - Lesson 27 - The Dark Ages, Medieval Scholasticism and the Rediscovery of Aristotle.txt: 400 INVALID_ARGUMENT. {'error': {'code': 400, 'message': 'Failed to create file.', 'status': 'INVALID_ARGUMENT'}}
Failed to upload /Volumes/U32 Shadow/Objectivism Library/Courses/ITOE Advanced Topics/ITOE Advanced Topics - Class 01-01 Office Hour.txt: 400 INVALID_ARGUMENT. {'error': {'code': 400, 'message': 'Failed to create file.', 'status': 'INVALID_ARGUMENT'}}
Failed to upload /Volumes/U32 Shadow/Objectivism Library/Courses/ITOE Advanced Topics/ITOE Advanced Topics - Class 05-02 Office Hour.txt: 400 INVALID_ARGUMENT. {'error': {'code': 400, 'message': 'Failed to create file.', 'status': 'INVALID_ARGUMENT'}}
Failed to upload /Volumes/U32 Shadow/Objectivism Library/Courses/ITOE Advanced Topics/ITOE Advanced Topics - Class 09-01 - Office Hour.txt: 400 INVALID_ARGUMENT. {'error': {'code': 400, 'message': 'Failed to create file.', 'status': 'INVALID_ARGUMENT'}}
Failed to upload /Volumes/U32 Shadow/Objectivism Library/Courses/ITOE Advanced Topics/ITOE Advanced Topics - Class 10-02.txt: 400 INVALID_ARGUMENT. {'error': {'code': 400, 'message': 'Failed to create file.', 'status': 'INVALID_ARGUMENT'}}
Failed to upload /Volumes/U32 Shadow/Objectivism Library/Courses/ITOE/ITOE - Class 05-01 - Office Hours.txt: 400 INVALID_ARGUMENT. {'error': {'code': 400, 'message': 'Failed to create file.', 'status': 'INVALID_ARGUMENT'}}
Failed to upload /Volumes/U32 Shadow/Objectivism Library/Courses/ITOE/ITOE - Class 09-02 - Office Hour.txt: 400 INVALID_ARGUMENT. {'error': {'code': 400, 'message': 'Failed to create file.', 'status': 'INVALID_ARGUMENT'}}
Failed to upload /Volumes/U32 Shadow/Objectivism Library/Courses/ITOE/ITOE - Class 15-01 - Office Hour.txt: 400 INVALID_ARGUMENT. {'error': {'code': 400, 'message': 'Failed to create file.', 'status': 'INVALID_ARGUMENT'}}
Failed to upload /Volumes/U32 Shadow/Objectivism Library/Courses/ITOE/ITOE - Class 15-01.txt: 400 INVALID_ARGUMENT. {'error': {'code': 400, 'message': 'Failed to create file.', 'status': 'INVALID_ARGUMENT'}}
Failed to upload /Volumes/U32 Shadow/Objectivism Library/Courses/Logic_ The Cashing-In/Logic_ The Cashing-In - Lesson 01 - Logic and Propositions_ Theory.txt: 400 INVALID_ARGUMENT. {'error': {'code': 400, 'message': 'Failed to create file.', 'status': 'INVALID_ARGUMENT'}}
Failed to upload /Volumes/U32 Shadow/Objectivism Library/Courses/Objectivism Seminar - Foundations/Year2/Q3/Objectivism Seminar - Foundations - Year 2 - Q3 - Week 1 - Hobbes on the philosophic foundations of government - Part 2.txt: 400 INVALID_ARGUMENT. {'error': {'code': 400, 'message': 'Failed to create file.', 'status': 'INVALID_ARGUMENT'}}
Failed to upload /Volumes/U32 Shadow/Objectivism Library/Courses/Logic_ The Cashing-In/Logic_ The Cashing-In - Lesson 04 - Deductive and Inductive Inference.txt: 400 INVALID_ARGUMENT. {'error': {'code': 400, 'message': 'Failed to create file.', 'status': 'INVALID_ARGUMENT'}}
