╭────────────────────────── Enriched Upload Pipeline ──────────────────────────╮
│ Uploading 7 enriched files to objectivism-library-test                       │
│ Batches: 1 x 100 | Concurrency: 2                                            │
│ Reset existing: True | Include needs-review: True                            │
╰──────────────────────────────────────────────────────────────────────────────╯
Failed to upload /Volumes/U32 Shadow/Objectivism Library/Courses/ITOE/ITOE - Class 16-01.txt: 503 UNAVAILABLE. {'error': {'code': 503, 'message': 'The service is currently unavailable.', 'status': 'UNAVAILABLE'}}
  Pipeline ━━━━━ 8/7   100% 0:00:… FAIL ...y/Courses/ITOE/ITOE - Class 16-01.txt
⠴ Batch 1  ━━━━   8/10  80% -:--:… batch 1 done                                 
╭────────────────────────── Enriched Upload Complete ──────────────────────────╮
│     Enriched Upload Summary                                                  │
│ ┏━━━━━━━━━━━━━━━━━━━━━━┳━━━━━━━┓                                             │
│ ┃ Metric               ┃ Count ┃                                             │
│ ┡━━━━━━━━━━━━━━━━━━━━━━╇━━━━━━━┩                                             │
│ │ Total files          │    10 │                                             │
│ │ Succeeded            │     7 │                                             │
│ │ Failed               │     1 │                                             │
│ │ Skipped (idempotent) │     2 │                                             │
│ │ Reset (re-uploaded)  │    14 │                                             │
│ │ Pending              │     0 │                                             │
│ └──────────────────────┴───────┘                                             │
╰──────────────────────────────────────────────────────────────────────────────╯
Exception ignored in: <function BaseApiClient._get_aiohttp_session.<locals>.AiohttpTCPConnector.__del__ at 0x10bbb71a0>
Traceback (most recent call last):
  File "/Users/david/.pyenv/versions/3.13.5/lib/python3.13/site-packages/google/genai/_api_client.py", line 786, in __del__
  File "/Users/david/.pyenv/versions/3.13.5/lib/python3.13/site-packages/aiohttp/connector.py", line 1020, in _close
AttributeError: 'NoneType' object has no attribute 'from_iterable'
