╭────────────────────────── Enriched Upload Pipeline ──────────────────────────╮
│ Uploading 735 enriched files to objectivism-library-test                     │
│ Batches: 8 x 100 | Concurrency: 2                                            │
│ Reset existing: True | Include needs-review: True                            │
╰──────────────────────────────────────────────────────────────────────────────╯
Failed to upload /Volumes/U32 Shadow/Objectivism Library/Courses/ITOE/ITOE - Class 16-01.txt: 503 UNAVAILABLE. {'error': {'code': 503, 'message': 'The service is currently unavailable.', 'status': 'UNAVAILABLE'}}
Failed to upload /Volumes/U32 Shadow/Objectivism Library/OCON/2024/OCON 2024 - Aristotle and Darwin - Antagonists or Kindred Spirits - James Lennox.txt: 400 INVALID_ARGUMENT. {'error': {'code': 400, 'message': 'Failed to create file.', 'status': 'INVALID_ARGUMENT'}}
Failed to upload /Volumes/U32 Shadow/Objectivism Library/Thinking Lab/Just-in-Time Planning/TL - JIT - Bonus 06 - Daily Planning.txt: 400 INVALID_ARGUMENT. {'error': {'code': 400, 'message': 'Failed to create file.', 'status': 'INVALID_ARGUMENT'}}
⠙ Pipeline ╸      81/…  11% 0:47:… FAIL ...Class 4 - Emotions and Values 101.txt
⠙ Batch 8  ━━━━  33/38  87% 0:00:… batch 8 done                                 
╭────────────────────────── Enriched Upload Complete ──────────────────────────╮
│     Enriched Upload Summary                                                  │
│ ┏━━━━━━━━━━━━━━━━━━━━━━┳━━━━━━━┓                                             │
│ ┃ Metric               ┃ Count ┃                                             │
│ ┡━━━━━━━━━━━━━━━━━━━━━━╇━━━━━━━┩                                             │
│ │ Total files          │   738 │                                             │
│ │ Succeeded            │    60 │                                             │
│ │ Failed               │    12 │                                             │
│ │ Skipped (idempotent) │   671 │                                             │
│ │ Reset (re-uploaded)  │     3 │                                             │
│ │ Retried (successful) │     1 │                                             │
│ │ Pending              │    -5 │                                             │
│ └──────────────────────┴───────┘                                             │
╰──────────────────────────────────────────────────────────────────────────────╯
Exception ignored in: <function BaseApiClient._get_aiohttp_session.<locals>.AiohttpTCPConnector.__del__ at 0x109dbcf40>
Traceback (most recent call last):
  File "/Users/david/.pyenv/versions/3.13.5/lib/python3.13/site-packages/google/genai/_api_client.py", line 786, in __del__
  File "/Users/david/.pyenv/versions/3.13.5/lib/python3.13/site-packages/aiohttp/connector.py", line 1020, in _close
AttributeError: 'NoneType' object has no attribute 'from_iterable'
