╭────────────────────────────── Upload Pipeline ───────────────────────────────╮
│ Uploading 43 files to objectivism-library-test                               │
│ Batches: 1 x 50 | Concurrency: 7                                             │
╰──────────────────────────────────────────────────────────────────────────────╯
Failed to upload /Volumes/U32 Shadow/Objectivism Library/Thinking Lab/All About Emotions/29 - __13 - Emotions as Alerts to Values at Stake - 12-5-2023.txt: 400 INVALID_ARGUMENT. {'error': {'code': 400, 'message': 'Failed to create file.', 'status': 'INVALID_ARGUMENT'}}
Failed to upload /Volumes/U32 Shadow/Objectivism Library/Courses/ITOE/ITOE - Class 16-01.txt: 503 UNAVAILABLE. {'error': {'code': 503, 'message': 'Failed to count tokens.', 'status': 'UNAVAILABLE'}}
  Pipeline ━━━━━ 48/43 100% 0:00:… FAIL ...3 - Multiply the Power of Thought.txt
  Batch 1  ━━━━━ 48/43 100% 0:00:… batch 1 done                                 
╭────────────────────────────── Upload Complete ───────────────────────────────╮
│     Upload Summary                                                           │
│ ┏━━━━━━━━━━━━━┳━━━━━━━┓                                                      │
│ ┃ Metric      ┃ Count ┃                                                      │
│ ┡━━━━━━━━━━━━━╇━━━━━━━┩                                                      │
│ │ Total files │    43 │                                                      │
│ │ Succeeded   │    36 │                                                      │
│ │ Failed      │     7 │                                                      │
│ │ Skipped     │     0 │                                                      │
│ │ Pending     │     0 │                                                      │
│ └─────────────┴───────┘                                                      │
╰──────────────────────────────────────────────────────────────────────────────╯
Exception ignored in: <function BaseApiClient._get_aiohttp_session.<locals>.AiohttpTCPConnector.__del__ at 0x10c20fe20>
Traceback (most recent call last):
  File "/Users/david/.pyenv/versions/3.13.5/lib/python3.13/site-packages/google/genai/_api_client.py", line 786, in __del__
  File "/Users/david/.pyenv/versions/3.13.5/lib/python3.13/site-packages/aiohttp/connector.py", line 1020, in _close
AttributeError: 'NoneType' object has no attribute 'from_iterable'
